Looking for git in: git
Using git 2.27.0 from git
Opening repository for path='/home/aaron/Projects/drf-docker-boilerplate/app' failed; ex=Failed to execute git {
  "exitCode": 128,
  "gitErrorCode": "NotAGitRepository",
  "gitCommand": "rev-parse",
  "stdout": "",
  "stderr": "fatal: not a git repository (or any of the parent directories): .git\n"
}
Opening repository for path='/home/aaron/Projects/drf-docker-boilerplate/app/Dockerfile' failed; ex=Error: spawn ENOTDIR
Opening repository for path='/home/aaron/Projects/drf-docker-boilerplate/app/app' failed; ex=Failed to execute git {
  "exitCode": 128,
  "gitErrorCode": "NotAGitRepository",
  "gitCommand": "rev-parse",
  "stdout": "",
  "stderr": "fatal: not a git repository (or any of the parent directories): .git\n"
}
Opening repository for path='/home/aaron/Projects/drf-docker-boilerplate/app/data' failed; ex=Failed to execute git {
  "exitCode": 128,
  "gitErrorCode": "NotAGitRepository",
  "gitCommand": "rev-parse",
  "stdout": "",
  "stderr": "fatal: not a git repository (or any of the parent directories): .git\n"
}
Opening repository for path='/home/aaron/Projects/drf-docker-boilerplate/app/db.sqlite3' failed; ex=Error: spawn ENOTDIR
Opening repository for path='/home/aaron/Projects/drf-docker-boilerplate/app/docker-compose.yml' failed; ex=Error: spawn ENOTDIR
Opening repository for path='/home/aaron/Projects/drf-docker-boilerplate/app/manage.py' failed; ex=Error: spawn ENOTDIR
Opening repository for path='/home/aaron/Projects/drf-docker-boilerplate/app/requirements.txt' failed; ex=Error: spawn ENOTDIR
Opening repository for path='/home/aaron/Projects/drf-docker-boilerplate/app/user' failed; ex=Failed to execute git {
  "exitCode": 128,
  "gitErrorCode": "NotAGitRepository",
  "gitCommand": "rev-parse",
  "stdout": "",
  "stderr": "fatal: not a git repository (or any of the parent directories): .git\n"
}
Opening repository for path='/home/aaron/Projects/drf-docker-boilerplate/app/~' failed; ex=Failed to execute git {
  "exitCode": 128,
  "gitErrorCode": "NotAGitRepository",
  "gitCommand": "rev-parse",
  "stdout": "",
  "stderr": "fatal: not a git repository (or any of the parent directories): .git\n"
}
