[2021-04-06 13:32:22.847] [exthost] [info] extension host started
[2021-04-06 13:32:22.877] [exthost] [info] ExtensionService#_doActivateExtension vscode.debug-auto-launch {"startup":true,"extensionId":{"value":"vscode.debug-auto-launch","_lower":"vscode.debug-auto-launch"},"activationEvent":"*"}
[2021-04-06 13:32:22.877] [exthost] [info] ExtensionService#loadCommonJSModule file:///snap/codium/157/usr/share/codium/resources/app/extensions/debug-auto-launch/dist/extension
[2021-04-06 13:32:22.910] [exthost] [info] ExtensionService#_doActivateExtension vscode.git {"startup":true,"extensionId":{"value":"vscode.github","_lower":"vscode.github"},"activationEvent":"*"}
[2021-04-06 13:32:22.910] [exthost] [info] ExtensionService#loadCommonJSModule file:///snap/codium/157/usr/share/codium/resources/app/extensions/git/dist/main
[2021-04-06 13:32:23.343] [exthost] [info] ExtensionService#_doActivateExtension ms-vscode.js-debug {"startup":false,"extensionId":{"value":"ms-vscode.js-debug","_lower":"ms-vscode.js-debug"},"activationEvent":"onCommand:extension.js-debug.clearAutoAttachVariables"}
[2021-04-06 13:32:23.343] [exthost] [info] ExtensionService#loadCommonJSModule file:///snap/codium/157/usr/share/codium/resources/app/extensions/ms-vscode.js-debug/src/extension.js
[2021-04-06 13:32:26.189] [exthost] [info] ExtensionService#_doActivateExtension vscode.github {"startup":true,"extensionId":{"value":"vscode.github","_lower":"vscode.github"},"activationEvent":"*"}
[2021-04-06 13:32:26.189] [exthost] [info] ExtensionService#loadCommonJSModule file:///snap/codium/157/usr/share/codium/resources/app/extensions/github/dist/extension.js
[2021-04-06 13:32:27.845] [exthost] [info] eager extensions activated
[2021-04-06 13:32:27.851] [exthost] [info] ExtensionService#_doActivateExtension vscode.emmet {"startup":false,"extensionId":{"value":"vscode.emmet","_lower":"vscode.emmet"},"activationEvent":"onStartupFinished"}
[2021-04-06 13:32:27.851] [exthost] [info] ExtensionService#loadCommonJSModule file:///snap/codium/157/usr/share/codium/resources/app/extensions/emmet/dist/node/emmetNodeMain
[2021-04-06 13:32:28.868] [exthost] [info] ExtensionService#_doActivateExtension vscode.merge-conflict {"startup":false,"extensionId":{"value":"vscode.merge-conflict","_lower":"vscode.merge-conflict"},"activationEvent":"onStartupFinished"}
[2021-04-06 13:32:28.868] [exthost] [info] ExtensionService#loadCommonJSModule file:///snap/codium/157/usr/share/codium/resources/app/extensions/merge-conflict/dist/mergeConflictMain
[2021-04-06 13:32:29.147] [exthost] [info] ExtensionService#_doActivateExtension vscode.testing-editor-contributions {"startup":false,"extensionId":{"value":"vscode.testing-editor-contributions","_lower":"vscode.testing-editor-contributions"},"activationEvent":"onStartupFinished"}
[2021-04-06 13:32:29.147] [exthost] [info] ExtensionService#loadCommonJSModule file:///snap/codium/157/usr/share/codium/resources/app/extensions/testing-editor-contributions/dist/extension.js
[2021-04-06 13:32:33.488] [exthost] [warning] [Decorations] CAPPING events from decorations provider vscode.git 1343
[2021-04-06 13:33:50.456] [exthost] [warning] [Decorations] CAPPING events from decorations provider vscode.git 1343
[2021-04-06 13:37:16.011] [exthost] [warning] [Decorations] CAPPING events from decorations provider vscode.git 1343
[2021-04-06 13:37:53.385] [exthost] [warning] [Decorations] CAPPING events from decorations provider vscode.git 1343
[2021-04-06 13:38:42.881] [exthost] [warning] [Decorations] CAPPING events from decorations provider vscode.git 1346
[2021-04-06 13:39:04.467] [exthost] [warning] [Decorations] CAPPING events from decorations provider vscode.git 1345
[2021-04-06 13:39:46.078] [exthost] [warning] [Decorations] CAPPING events from decorations provider vscode.git 1345
[2021-04-06 13:40:38.162] [exthost] [info] extension host terminating: received terminate message from renderer
[2021-04-06 13:40:39.173] [exthost] [info] exiting with code 0
